MyDocuments/tess-two/build/outputs/logs/manifest-merger-debug-report.txt
-- Merging decision tree log ---
manifest
ADDED from MyDocuments\tess-two\AndroidManifest.xml:16:1-21:12
INJECTED from MyDocuments\tess-two\AndroidManifest.xml:16:1-21:12
INJECTED from MyDocuments\tess-two\AndroidManifest.xml:16:1-21:12
INJECTED from MyDocuments\tess-two\AndroidManifest.xml:16:1-21:12
INJECTED from MyDocuments\tess-two\AndroidManifest.xml:16:1-21:12
INJECTED from MyDocuments\tess-two\AndroidManifest.xml:16:1-21:12
INJECTED from MyDocuments\tess-two\AndroidManifest.xml:16:1-21:12
	package
		ADDED from MyDocuments\tess-two\AndroidManifest.xml:17:11-53
		INJECTED from MyDocuments\tess-two\AndroidManifest.xml
		INJECTED from MyDocuments\tess-two\AndroidManifest.xml
	android:versionName
		ADDED from MyDocuments\tess-two\AndroidManifest.xml:19:11-36
		INJECTED from MyDocuments\tess-two\AndroidManifest.xml
		INJECTED from MyDocuments\tess-two\AndroidManifest.xml
	xmlns:android
		ADDED from MyDocuments\tess-two\AndroidManifest.xml:16:11-69
	android:versionCode
		ADDED from MyDocuments\tess-two\AndroidManifest.xml:18:11-34
		INJECTED from MyDocuments\tess-two\AndroidManifest.xml
		INJECTED from MyDocuments\tess-two\AndroidManifest.xml
uses-sdk
ADDED from MyDocuments\tess-two\AndroidManifest.xml:20:5-43
INJECTED from MyDocuments\tess-two\AndroidManifest.xml:20:5-43
INJECTED from MyDocuments\tess-two\AndroidManifest.xml:20:5-43
INJECTED from MyDocuments\tess-two\AndroidManifest.xml:20:5-43
INJECTED from MyDocuments\tess-two\AndroidManifest.xml:20:5-43
	android:targetSdkVersion
		INJECTED from MyDocuments\tess-two\AndroidManifest.xml
		ADDED from MyDocuments\tess-two\AndroidManifest.xml:20:5-43
		INJECTED from MyDocuments\tess-two\AndroidManifest.xml
	android:minSdkVersion
		ADDED from MyDocuments\tess-two\AndroidManifest.xml:20:15-40
		INJECTED from MyDocuments\tess-two\AndroidManifest.xml
		INJECTED from MyDocuments\tess-two\AndroidManifest.xml